<?xml version="1.0" encoding="UTF-8"?>
<testsuite name="SILab2Test" tests="2" skipped="0" failures="0" errors="0" timestamp="2021-05-24T11:30:05" hostname="DESKTOP-J6QNM11" time="0.076">
  <properties/>
  <testcase name="everyBranchTest" classname="SILab2Test" time="0.039"/>
  <testcase name="multipleConditionTest" classname="SILab2Test" time="0.036"/>
  <system-out><![CDATA[]]></system-out>
  <system-err><![CDATA[]]></system-err>
</testsuite>
